This is pdfTeX, Version 3.14159265-2.6-1.40.17 (TeX Live 2016/W32TeX) (preloaded format=pdflatex 2016.6.14)  25 AUG 2016 09:27
entering extended mode
 \write18 enabled.
 %&-line parsing enabled.
**./document.tex
(./document.tex
LaTeX2e <2016/03/31>
Babel <3.9r> and hyphenation patterns for 83 language(s) loaded.
(c:/texlive/2016/texmf-dist/tex/latex/base/article.cls
Document Class: article 2014/09/29 v1.4h Standard LaTeX document class
(c:/texlive/2016/texmf-dist/tex/latex/base/size10.clo
File: size10.clo 2014/09/29 v1.4h Standard LaTeX file (size option)
)
\c@part=\count79
\c@section=\count80
\c@subsection=\count81
\c@subsubsection=\count82
\c@paragraph=\count83
\c@subparagraph=\count84
\c@figure=\count85
\c@table=\count86
\abovecaptionskip=\skip41
\belowcaptionskip=\skip42
\bibindent=\dimen102
)
(c:/texlive/2016/texmf-dist/tex/latex/base/inputenc.sty
Package: inputenc 2015/03/17 v1.2c Input encoding file
\inpenc@prehook=\toks14
\inpenc@posthook=\toks15

(c:/texlive/2016/texmf-dist/tex/latex/base/utf8.def
File: utf8.def 2016/02/28 v1.1s UTF-8 support for inputenc
Now handling font encoding OML ...
... no UTF-8 mapping file for font encoding OML
Now handling font encoding T1 ...
... processing UTF-8 mapping file for font encoding T1

(c:/texlive/2016/texmf-dist/tex/latex/base/t1enc.dfu
File: t1enc.dfu 2016/02/28 v1.1s UTF-8 support for inputenc
   defining Unicode char U+00A0 (decimal 160)
   defining Unicode char U+00A1 (decimal 161)
   defining Unicode char U+00A3 (decimal 163)
   defining Unicode char U+00AB (decimal 171)
   defining Unicode char U+00AD (decimal 173)
   defining Unicode char U+00BB (decimal 187)
   defining Unicode char U+00BF (decimal 191)
   defining Unicode char U+00C0 (decimal 192)
   defining Unicode char U+00C1 (decimal 193)
   defining Unicode char U+00C2 (decimal 194)
   defining Unicode char U+00C3 (decimal 195)
   defining Unicode char U+00C4 (decimal 196)
   defining Unicode char U+00C5 (decimal 197)
   defining Unicode char U+00C6 (decimal 198)
   defining Unicode char U+00C7 (decimal 199)
   defining Unicode char U+00C8 (decimal 200)
   defining Unicode char U+00C9 (decimal 201)
   defining Unicode char U+00CA (decimal 202)
   defining Unicode char U+00CB (decimal 203)
   defining Unicode char U+00CC (decimal 204)
   defining Unicode char U+00CD (decimal 205)
   defining Unicode char U+00CE (decimal 206)
   defining Unicode char U+00CF (decimal 207)
   defining Unicode char U+00D0 (decimal 208)
   defining Unicode char U+00D1 (decimal 209)
   defining Unicode char U+00D2 (decimal 210)
   defining Unicode char U+00D3 (decimal 211)
   defining Unicode char U+00D4 (decimal 212)
   defining Unicode char U+00D5 (decimal 213)
   defining Unicode char U+00D6 (decimal 214)
   defining Unicode char U+00D8 (decimal 216)
   defining Unicode char U+00D9 (decimal 217)
   defining Unicode char U+00DA (decimal 218)
   defining Unicode char U+00DB (decimal 219)
   defining Unicode char U+00DC (decimal 220)
   defining Unicode char U+00DD (decimal 221)
   defining Unicode char U+00DE (decimal 222)
   defining Unicode char U+00DF (decimal 223)
   defining Unicode char U+00E0 (decimal 224)
   defining Unicode char U+00E1 (decimal 225)
   defining Unicode char U+00E2 (decimal 226)
   defining Unicode char U+00E3 (decimal 227)
   defining Unicode char U+00E4 (decimal 228)
   defining Unicode char U+00E5 (decimal 229)
   defining Unicode char U+00E6 (decimal 230)
   defining Unicode char U+00E7 (decimal 231)
   defining Unicode char U+00E8 (decimal 232)
   defining Unicode char U+00E9 (decimal 233)
   defining Unicode char U+00EA (decimal 234)
   defining Unicode char U+00EB (decimal 235)
   defining Unicode char U+00EC (decimal 236)
   defining Unicode char U+00ED (decimal 237)
   defining Unicode char U+00EE (decimal 238)
   defining Unicode char U+00EF (decimal 239)
   defining Unicode char U+00F0 (decimal 240)
   defining Unicode char U+00F1 (decimal 241)
   defining Unicode char U+00F2 (decimal 242)
   defining Unicode char U+00F3 (decimal 243)
   defining Unicode char U+00F4 (decimal 244)
   defining Unicode char U+00F5 (decimal 245)
   defining Unicode char U+00F6 (decimal 246)
   defining Unicode char U+00F8 (decimal 248)
   defining Unicode char U+00F9 (decimal 249)
   defining Unicode char U+00FA (decimal 250)
   defining Unicode char U+00FB (decimal 251)
   defining Unicode char U+00FC (decimal 252)
   defining Unicode char U+00FD (decimal 253)
   defining Unicode char U+00FE (decimal 254)
   defining Unicode char U+00FF (decimal 255)
   defining Unicode char U+0100 (decimal 256)
   defining Unicode char U+0101 (decimal 257)
   defining Unicode char U+0102 (decimal 258)
   defining Unicode char U+0103 (decimal 259)
   defining Unicode char U+0104 (decimal 260)
   defining Unicode char U+0105 (decimal 261)
   defining Unicode char U+0106 (decimal 262)
   defining Unicode char U+0107 (decimal 263)
   defining Unicode char U+0108 (decimal 264)
   defining Unicode char U+0109 (decimal 265)
   defining Unicode char U+010A (decimal 266)
   defining Unicode char U+010B (decimal 267)
   defining Unicode char U+010C (decimal 268)
   defining Unicode char U+010D (decimal 269)
   defining Unicode char U+010E (decimal 270)
   defining Unicode char U+010F (decimal 271)
   defining Unicode char U+0110 (decimal 272)
   defining Unicode char U+0111 (decimal 273)
   defining Unicode char U+0112 (decimal 274)
   defining Unicode char U+0113 (decimal 275)
   defining Unicode char U+0114 (decimal 276)
   defining Unicode char U+0115 (decimal 277)
   defining Unicode char U+0116 (decimal 278)
   defining Unicode char U+0117 (decimal 279)
   defining Unicode char U+0118 (decimal 280)
   defining Unicode char U+0119 (decimal 281)
   defining Unicode char U+011A (decimal 282)
   defining Unicode char U+011B (decimal 283)
   defining Unicode char U+011C (decimal 284)
   defining Unicode char U+011D (decimal 285)
   defining Unicode char U+011E (decimal 286)
   defining Unicode char U+011F (decimal 287)
   defining Unicode char U+0120 (decimal 288)
   defining Unicode char U+0121 (decimal 289)
   defining Unicode char U+0122 (decimal 290)
   defining Unicode char U+0123 (decimal 291)
   defining Unicode char U+0124 (decimal 292)
   defining Unicode char U+0125 (decimal 293)
   defining Unicode char U+0128 (decimal 296)
   defining Unicode char U+0129 (decimal 297)
   defining Unicode char U+012A (decimal 298)
   defining Unicode char U+012B (decimal 299)
   defining Unicode char U+012C (decimal 300)
   defining Unicode char U+012D (decimal 301)
   defining Unicode char U+012E (decimal 302)
   defining Unicode char U+012F (decimal 303)
   defining Unicode char U+0130 (decimal 304)
   defining Unicode char U+0131 (decimal 305)
   defining Unicode char U+0132 (decimal 306)
   defining Unicode char U+0133 (decimal 307)
   defining Unicode char U+0134 (decimal 308)
   defining Unicode char U+0135 (decimal 309)
   defining Unicode char U+0136 (decimal 310)
   defining Unicode char U+0137 (decimal 311)
   defining Unicode char U+0139 (decimal 313)
   defining Unicode char U+013A (decimal 314)
   defining Unicode char U+013B (decimal 315)
   defining Unicode char U+013C (decimal 316)
   defining Unicode char U+013D (decimal 317)
   defining Unicode char U+013E (decimal 318)
   defining Unicode char U+0141 (decimal 321)
   defining Unicode char U+0142 (decimal 322)
   defining Unicode char U+0143 (decimal 323)
   defining Unicode char U+0144 (decimal 324)
   defining Unicode char U+0145 (decimal 325)
   defining Unicode char U+0146 (decimal 326)
   defining Unicode char U+0147 (decimal 327)
   defining Unicode char U+0148 (decimal 328)
   defining Unicode char U+014A (decimal 330)
   defining Unicode char U+014B (decimal 331)
   defining Unicode char U+014C (decimal 332)
   defining Unicode char U+014D (decimal 333)
   defining Unicode char U+014E (decimal 334)
   defining Unicode char U+014F (decimal 335)
   defining Unicode char U+0150 (decimal 336)
   defining Unicode char U+0151 (decimal 337)
   defining Unicode char U+0152 (decimal 338)
   defining Unicode char U+0153 (decimal 339)
   defining Unicode char U+0154 (decimal 340)
   defining Unicode char U+0155 (decimal 341)
   defining Unicode char U+0156 (decimal 342)
   defining Unicode char U+0157 (decimal 343)
   defining Unicode char U+0158 (decimal 344)
   defining Unicode char U+0159 (decimal 345)
   defining Unicode char U+015A (decimal 346)
   defining Unicode char U+015B (decimal 347)
   defining Unicode char U+015C (decimal 348)
   defining Unicode char U+015D (decimal 349)
   defining Unicode char U+015E (decimal 350)
   defining Unicode char U+015F (decimal 351)
   defining Unicode char U+0160 (decimal 352)
   defining Unicode char U+0161 (decimal 353)
   defining Unicode char U+0162 (decimal 354)
   defining Unicode char U+0163 (decimal 355)
   defining Unicode char U+0164 (decimal 356)
   defining Unicode char U+0165 (decimal 357)
   defining Unicode char U+0168 (decimal 360)
   defining Unicode char U+0169 (decimal 361)
   defining Unicode char U+016A (decimal 362)
   defining Unicode char U+016B (decimal 363)
   defining Unicode char U+016C (decimal 364)
   defining Unicode char U+016D (decimal 365)
   defining Unicode char U+016E (decimal 366)
   defining Unicode char U+016F (decimal 367)
   defining Unicode char U+0170 (decimal 368)
   defining Unicode char U+0171 (decimal 369)
   defining Unicode char U+0172 (decimal 370)
   defining Unicode char U+0173 (decimal 371)
   defining Unicode char U+0174 (decimal 372)
   defining Unicode char U+0175 (decimal 373)
   defining Unicode char U+0176 (decimal 374)
   defining Unicode char U+0177 (decimal 375)
   defining Unicode char U+0178 (decimal 376)
   defining Unicode char U+0179 (decimal 377)
   defining Unicode char U+017A (decimal 378)
   defining Unicode char U+017B (decimal 379)
   defining Unicode char U+017C (decimal 380)
   defining Unicode char U+017D (decimal 381)
   defining Unicode char U+017E (decimal 382)
   defining Unicode char U+01CD (decimal 461)
   defining Unicode char U+01CE (decimal 462)
   defining Unicode char U+01CF (decimal 463)
   defining Unicode char U+01D0 (decimal 464)
   defining Unicode char U+01D1 (decimal 465)
   defining Unicode char U+01D2 (decimal 466)
   defining Unicode char U+01D3 (decimal 467)
   defining Unicode char U+01D4 (decimal 468)
   defining Unicode char U+01E2 (decimal 482)
   defining Unicode char U+01E3 (decimal 483)
   defining Unicode char U+01E6 (decimal 486)
   defining Unicode char U+01E7 (decimal 487)
   defining Unicode char U+01E8 (decimal 488)
   defining Unicode char U+01E9 (decimal 489)
   defining Unicode char U+01EA (decimal 490)
   defining Unicode char U+01EB (decimal 491)
   defining Unicode char U+01F0 (decimal 496)
   defining Unicode char U+01F4 (decimal 500)
   defining Unicode char U+01F5 (decimal 501)
   defining Unicode char U+0218 (decimal 536)
   defining Unicode char U+0219 (decimal 537)
   defining Unicode char U+021A (decimal 538)
   defining Unicode char U+021B (decimal 539)
   defining Unicode char U+1E02 (decimal 7682)
   defining Unicode char U+1E03 (decimal 7683)
   defining Unicode char U+200C (decimal 8204)
   defining Unicode char U+2010 (decimal 8208)
   defining Unicode char U+2011 (decimal 8209)
   defining Unicode char U+2012 (decimal 8210)
   defining Unicode char U+2013 (decimal 8211)
   defining Unicode char U+2014 (decimal 8212)
   defining Unicode char U+2015 (decimal 8213)
   defining Unicode char U+2018 (decimal 8216)
   defining Unicode char U+2019 (decimal 8217)
   defining Unicode char U+201A (decimal 8218)
   defining Unicode char U+201C (decimal 8220)
   defining Unicode char U+201D (decimal 8221)
   defining Unicode char U+201E (decimal 8222)
   defining Unicode char U+2030 (decimal 8240)
   defining Unicode char U+2031 (decimal 8241)
   defining Unicode char U+2039 (decimal 8249)
   defining Unicode char U+203A (decimal 8250)
   defining Unicode char U+2423 (decimal 9251)
)
Now handling font encoding OT1 ...
... processing UTF-8 mapping file for font encoding OT1

(c:/texlive/2016/texmf-dist/tex/latex/base/ot1enc.dfu
File: ot1enc.dfu 2016/02/28 v1.1s UTF-8 support for inputenc
   defining Unicode char U+00A0 (decimal 160)
   defining Unicode char U+00A1 (decimal 161)
   defining Unicode char U+00A3 (decimal 163)
   defining Unicode char U+00AD (decimal 173)
   defining Unicode char U+00B8 (decimal 184)
   defining Unicode char U+00BF (decimal 191)
   defining Unicode char U+00C5 (decimal 197)
   defining Unicode char U+00C6 (decimal 198)
   defining Unicode char U+00D8 (decimal 216)
   defining Unicode char U+00DF (decimal 223)
   defining Unicode char U+00E6 (decimal 230)
   defining Unicode char U+00EC (decimal 236)
   defining Unicode char U+00ED (decimal 237)
   defining Unicode char U+00EE (decimal 238)
   defining Unicode char U+00EF (decimal 239)
   defining Unicode char U+00F8 (decimal 248)
   defining Unicode char U+0131 (decimal 305)
   defining Unicode char U+0141 (decimal 321)
   defining Unicode char U+0142 (decimal 322)
   defining Unicode char U+0152 (decimal 338)
   defining Unicode char U+0153 (decimal 339)
   defining Unicode char U+0174 (decimal 372)
   defining Unicode char U+0175 (decimal 373)
   defining Unicode char U+0176 (decimal 374)
   defining Unicode char U+0177 (decimal 375)
   defining Unicode char U+0218 (decimal 536)
   defining Unicode char U+0219 (decimal 537)
   defining Unicode char U+021A (decimal 538)
   defining Unicode char U+021B (decimal 539)
   defining Unicode char U+2013 (decimal 8211)
   defining Unicode char U+2014 (decimal 8212)
   defining Unicode char U+2018 (decimal 8216)
   defining Unicode char U+2019 (decimal 8217)
   defining Unicode char U+201C (decimal 8220)
   defining Unicode char U+201D (decimal 8221)
)
Now handling font encoding OMS ...
... processing UTF-8 mapping file for font encoding OMS

(c:/texlive/2016/texmf-dist/tex/latex/base/omsenc.dfu
File: omsenc.dfu 2016/02/28 v1.1s UTF-8 support for inputenc
   defining Unicode char U+00A7 (decimal 167)
   defining Unicode char U+00B6 (decimal 182)
   defining Unicode char U+00B7 (decimal 183)
   defining Unicode char U+2020 (decimal 8224)
   defining Unicode char U+2021 (decimal 8225)
   defining Unicode char U+2022 (decimal 8226)
)
Now handling font encoding OMX ...
... no UTF-8 mapping file for font encoding OMX
Now handling font encoding U ...
... no UTF-8 mapping file for font encoding U
   defining Unicode char U+00A9 (decimal 169)
   defining Unicode char U+00AA (decimal 170)
   defining Unicode char U+00AE (decimal 174)
   defining Unicode char U+00BA (decimal 186)
   defining Unicode char U+02C6 (decimal 710)
   defining Unicode char U+02DC (decimal 732)
   defining Unicode char U+200C (decimal 8204)
   defining Unicode char U+2026 (decimal 8230)
   defining Unicode char U+2122 (decimal 8482)
   defining Unicode char U+2423 (decimal 9251)
))
(c:/texlive/2016/texmf-dist/tex/latex/preprint/fullpage.sty
Package: fullpage 1999/02/23 1.1 (PWD)
\FP@margin=\skip43
)
(c:/texlive/2016/texmf-dist/tex/latex/enumitem/enumitem.sty
Package: enumitem 2011/09/28 v3.5.2 Customized lists
\enitkv@toks@=\toks16
\labelindent=\skip44
\enit@outerparindent=\dimen103
\enit@toks=\toks17
\enit@inbox=\box26
\enitdp@description=\count87
)
(c:/texlive/2016/texmf-dist/tex/latex/graphics/graphicx.sty
Package: graphicx 2014/10/28 v1.0g Enhanced LaTeX Graphics (DPC,SPQR)

(c:/texlive/2016/texmf-dist/tex/latex/graphics/keyval.sty
Package: keyval 2014/10/28 v1.15 key=value parser (DPC)
\KV@toks@=\toks18
)
(c:/texlive/2016/texmf-dist/tex/latex/graphics/graphics.sty
Package: graphics 2016/05/09 v1.0r Standard LaTeX Graphics (DPC,SPQR)

(c:/texlive/2016/texmf-dist/tex/latex/graphics/trig.sty
Package: trig 2016/01/03 v1.10 sin cos tan (DPC)
)
(c:/texlive/2016/texmf-dist/tex/latex/graphics-cfg/graphics.cfg
File: graphics.cfg 2016/01/02 v1.10 sample graphics configuration
)
Package graphics Info: Driver file: pdftex.def on input line 96.

(c:/texlive/2016/texmf-dist/tex/latex/pdftex-def/pdftex.def
File: pdftex.def 2011/05/27 v0.06d Graphics/color for pdfTeX

(c:/texlive/2016/texmf-dist/tex/generic/oberdiek/infwarerr.sty
Package: infwarerr 2016/05/16 v1.4 Providing info/warning/error messages (HO)
)
(c:/texlive/2016/texmf-dist/tex/generic/oberdiek/ltxcmds.sty
Package: ltxcmds 2016/05/16 v1.23 LaTeX kernel commands for general use (HO)
)
\Gread@gobject=\count88
))
\Gin@req@height=\dimen104
\Gin@req@width=\dimen105
)
(c:/texlive/2016/texmf-dist/tex/latex/hyperref/hyperref.sty
Package: hyperref 2016/05/05 v6.83n Hypertext links for LaTeX

(c:/texlive/2016/texmf-dist/tex/generic/oberdiek/hobsub-hyperref.sty
Package: hobsub-hyperref 2016/05/16 v1.14 Bundle oberdiek, subset hyperref (HO)


(c:/texlive/2016/texmf-dist/tex/generic/oberdiek/hobsub-generic.sty
Package: hobsub-generic 2016/05/16 v1.14 Bundle oberdiek, subset generic (HO)
Package: hobsub 2016/05/16 v1.14 Construct package bundles (HO)
Package hobsub Info: Skipping package `infwarerr' (already loaded).
Package hobsub Info: Skipping package `ltxcmds' (already loaded).
Package: ifluatex 2016/05/16 v1.4 Provides the ifluatex switch (HO)
Package ifluatex Info: LuaTeX not detected.
Package: ifvtex 2016/05/16 v1.6 Detect VTeX and its facilities (HO)
Package ifvtex Info: VTeX not detected.
Package: intcalc 2016/05/16 v1.2 Expandable calculations with integers (HO)
Package: ifpdf 2016/05/14 v3.1 Provides the ifpdf switch
Package: etexcmds 2016/05/16 v1.6 Avoid name clashes with e-TeX commands (HO)
Package etexcmds Info: Could not find \expanded.
(etexcmds)             That can mean that you are not using pdfTeX 1.50 or
(etexcmds)             that some package has redefined \expanded.
(etexcmds)             In the latter case, load this package earlier.
Package: kvsetkeys 2016/05/16 v1.17 Key value parser (HO)
Package: kvdefinekeys 2016/05/16 v1.4 Define keys (HO)
Package: pdftexcmds 2016/05/10 v0.21 Utility functions of pdfTeX for LuaTeX (HO
)
Package pdftexcmds Info: LuaTeX not detected.
Package pdftexcmds Info: \pdf@primitive is available.
Package pdftexcmds Info: \pdf@ifprimitive is available.
Package pdftexcmds Info: \pdfdraftmode found.
Package: pdfescape 2016/05/16 v1.14 Implements pdfTeX's escape features (HO)
Package: bigintcalc 2016/05/16 v1.4 Expandable calculations on big integers (HO
)
Package: bitset 2016/05/16 v1.2 Handle bit-vector datatype (HO)
Package: uniquecounter 2016/05/16 v1.3 Provide unlimited unique counter (HO)
)
Package hobsub Info: Skipping package `hobsub' (already loaded).
Package: letltxmacro 2016/05/16 v1.5 Let assignment for LaTeX macros (HO)
Package: hopatch 2016/05/16 v1.3 Wrapper for package hooks (HO)
Package: xcolor-patch 2016/05/16 xcolor patch
Package: atveryend 2016/05/16 v1.9 Hooks at the very end of document (HO)
Package atveryend Info: \enddocument detected (standard20110627).
Package: atbegshi 2016/05/16 v1.17 At begin shipout hook (HO)
Package: refcount 2016/05/16 v3.5 Data extraction from label references (HO)
Package: hycolor 2016/05/16 v1.8 Color options for hyperref/bookmark (HO)
)
(c:/texlive/2016/texmf-dist/tex/generic/ifxetex/ifxetex.sty
Package: ifxetex 2010/09/12 v0.6 Provides ifxetex conditional
)
(c:/texlive/2016/texmf-dist/tex/latex/oberdiek/auxhook.sty
Package: auxhook 2016/05/16 v1.4 Hooks for auxiliary files (HO)
)
(c:/texlive/2016/texmf-dist/tex/latex/oberdiek/kvoptions.sty
Package: kvoptions 2016/05/16 v3.12 Key value format for package options (HO)
)
\@linkdim=\dimen106
\Hy@linkcounter=\count89
\Hy@pagecounter=\count90

(c:/texlive/2016/texmf-dist/tex/latex/hyperref/pd1enc.def
File: pd1enc.def 2016/05/05 v6.83n Hyperref: PDFDocEncoding definition (HO)
Now handling font encoding PD1 ...
... no UTF-8 mapping file for font encoding PD1
)
\Hy@SavedSpaceFactor=\count91

(c:/texlive/2016/texmf-dist/tex/latex/latexconfig/hyperref.cfg
File: hyperref.cfg 2002/06/06 v1.2 hyperref configuration of TeXLive
)
Package hyperref Info: Hyper figures OFF on input line 4446.
Package hyperref Info: Link nesting OFF on input line 4451.
Package hyperref Info: Hyper index ON on input line 4454.
Package hyperref Info: Plain pages OFF on input line 4461.
Package hyperref Info: Backreferencing OFF on input line 4466.
Package hyperref Info: Implicit mode ON; LaTeX internals redefined.
Package hyperref Info: Bookmarks ON on input line 4691.
\c@Hy@tempcnt=\count92

(c:/texlive/2016/texmf-dist/tex/latex/url/url.sty
\Urlmuskip=\muskip10
Package: url 2013/09/16  ver 3.4  Verb mode for urls, etc.
)
LaTeX Info: Redefining \url on input line 5044.
\XeTeXLinkMargin=\dimen107
\Fld@menulength=\count93
\Field@Width=\dimen108
\Fld@charsize=\dimen109
Package hyperref Info: Hyper figures OFF on input line 6298.
Package hyperref Info: Link nesting OFF on input line 6303.
Package hyperref Info: Hyper index ON on input line 6306.
Package hyperref Info: backreferencing OFF on input line 6313.
Package hyperref Info: Link coloring OFF on input line 6318.
Package hyperref Info: Link coloring with OCG OFF on input line 6323.
Package hyperref Info: PDF/A mode OFF on input line 6328.
LaTeX Info: Redefining \ref on input line 6368.
LaTeX Info: Redefining \pageref on input line 6372.
\Hy@abspage=\count94
\c@Item=\count95
\c@Hfootnote=\count96
)

Package hyperref Message: Driver (autodetected): hpdftex.

(c:/texlive/2016/texmf-dist/tex/latex/hyperref/hpdftex.def
File: hpdftex.def 2016/05/05 v6.83n Hyperref driver for pdfTeX
\Fld@listcount=\count97
\c@bookmark@seq@number=\count98

(c:/texlive/2016/texmf-dist/tex/latex/oberdiek/rerunfilecheck.sty
Package: rerunfilecheck 2016/05/16 v1.8 Rerun checks for auxiliary files (HO)
Package uniquecounter Info: New unique counter `rerunfilecheck' on input line 2
82.
)
\Hy@SectionHShift=\skip45
)
(c:/texlive/2016/texmf-dist/tex/latex/datatool/datatool.sty
Package: datatool 2016/01/18 v2.25 (NLCT)

(c:/texlive/2016/texmf-dist/tex/latex/xkeyval/xkeyval.sty
Package: xkeyval 2014/12/03 v2.7a package option processing (HA)

(c:/texlive/2016/texmf-dist/tex/generic/xkeyval/xkeyval.tex
(c:/texlive/2016/texmf-dist/tex/generic/xkeyval/xkvutils.tex
\XKV@toks=\toks19
\XKV@tempa@toks=\toks20
)
\XKV@depth=\count99
File: xkeyval.tex 2014/12/03 v2.7a key=value parser (HA)
))
(c:/texlive/2016/texmf-dist/tex/latex/base/ifthen.sty
Package: ifthen 2014/09/29 v1.1c Standard LaTeX ifthen package (DPC)
)
(c:/texlive/2016/texmf-dist/tex/latex/xfor/xfor.sty
Package: xfor 2009/02/05 v1.05 (NLCT)
)
(c:/texlive/2016/texmf-dist/tex/latex/substr/substr.sty
Package: substr 2009/10/20 v1.2 Handle substrings
\c@su@anzahl=\count100
)
(c:/texlive/2016/texmf-dist/tex/latex/etoolbox/etoolbox.sty
Package: etoolbox 2015/08/02 v2.2a e-TeX tools for LaTeX (JAW)
\etb@tempcnta=\count101
)
(c:/texlive/2016/texmf-dist/tex/latex/datatool/datatool-base.sty
Package: datatool-base 2016/01/18 v2.25 (NLCT)

(c:/texlive/2016/texmf-dist/tex/latex/amsmath/amsmath.sty
Package: amsmath 2016/03/10 v2.15b AMS math features
\@mathmargin=\skip46

For additional information on amsmath, use the `?' option.
(c:/texlive/2016/texmf-dist/tex/latex/amsmath/amstext.sty
Package: amstext 2000/06/29 v2.01 AMS text

(c:/texlive/2016/texmf-dist/tex/latex/amsmath/amsgen.sty
File: amsgen.sty 1999/11/30 v2.0 generic functions
\@emptytoks=\toks21
\ex@=\dimen110
))
(c:/texlive/2016/texmf-dist/tex/latex/amsmath/amsbsy.sty
Package: amsbsy 1999/11/29 v1.2d Bold Symbols
\pmbraise@=\dimen111
)
(c:/texlive/2016/texmf-dist/tex/latex/amsmath/amsopn.sty
Package: amsopn 2016/03/08 v2.02 operator names
)
\inf@bad=\count102
LaTeX Info: Redefining \frac on input line 199.
\uproot@=\count103
\leftroot@=\count104
LaTeX Info: Redefining \overline on input line 297.
\classnum@=\count105
\DOTSCASE@=\count106
LaTeX Info: Redefining \ldots on input line 394.
LaTeX Info: Redefining \dots on input line 397.
LaTeX Info: Redefining \cdots on input line 518.
\Mathstrutbox@=\box27
\strutbox@=\box28
\big@size=\dimen112
LaTeX Font Info:    Redeclaring font encoding OML on input line 634.
LaTeX Font Info:    Redeclaring font encoding OMS on input line 635.
\macc@depth=\count107
\c@MaxMatrixCols=\count108
\dotsspace@=\muskip11
\c@parentequation=\count109
\dspbrk@lvl=\count110
\tag@help=\toks22
\row@=\count111
\column@=\count112
\maxfields@=\count113
\andhelp@=\toks23
\eqnshift@=\dimen113
\alignsep@=\dimen114
\tagshift@=\dimen115
\tagwidth@=\dimen116
\totwidth@=\dimen117
\lineht@=\dimen118
\@envbody=\toks24
\multlinegap=\skip47
\multlinetaggap=\skip48
\mathdisplay@stack=\toks25
LaTeX Info: Redefining \[ on input line 2739.
LaTeX Info: Redefining \] on input line 2740.
)
(c:/texlive/2016/texmf-dist/tex/latex/datatool/datatool-fp.sty
Package: datatool-fp 2016/01/18 v2.25 (NLCT)

(c:/texlive/2016/texmf-dist/tex/latex/fp/fp.sty
Package: fp 1995/04/02

`Fixed Point Package', Version 0.8, April 2, 1995 (C) Michael Mehlich
(c:/texlive/2016/texmf-dist/tex/latex/fp/defpattern.sty
Package: defpattern 1994/10/12
\actioncount=\count114
)
(c:/texlive/2016/texmf-dist/tex/latex/fp/fp-basic.sty
Package: fp-basic 1996/05/13
\FP@xs=\count115
\FP@xia=\count116
\FP@xib=\count117
\FP@xfa=\count118
\FP@xfb=\count119
\FP@rega=\count120
\FP@regb=\count121
\FP@regs=\count122
\FP@times=\count123
)
(c:/texlive/2016/texmf-dist/tex/latex/fp/fp-addons.sty
Package: fp-addons 1995/03/15
)
(c:/texlive/2016/texmf-dist/tex/latex/fp/fp-snap.sty
Package: fp-snap 1995/04/05
)
(c:/texlive/2016/texmf-dist/tex/latex/fp/fp-exp.sty
Package: fp-exp 1995/04/03
)
(c:/texlive/2016/texmf-dist/tex/latex/fp/fp-trigo.sty
Package: fp-trigo 1995/04/14
)
(c:/texlive/2016/texmf-dist/tex/latex/fp/fp-pas.sty
Package: fp-pas 1994/08/29
)
(c:/texlive/2016/texmf-dist/tex/latex/fp/fp-random.sty
Package: fp-random 1995/02/23
\FPseed=\count124
)
(c:/texlive/2016/texmf-dist/tex/latex/fp/fp-eqn.sty
Package: fp-eqn 1995/04/03
)
(c:/texlive/2016/texmf-dist/tex/latex/fp/fp-upn.sty
Package: fp-upn 1996/10/21
)
(c:/texlive/2016/texmf-dist/tex/latex/fp/fp-eval.sty
Package: fp-eval 1995/04/03
)))
\@dtl@toks=\toks26
\@dtl@tmpcount=\count125
\dtl@tmplength=\skip49
\dtl@sortresult=\count126
\@dtl@numgrpsepcount=\count127
\@dtl@datatype=\count128
\dtl@codeA=\count129
\dtl@codeB=\count130
\@dtl@foreach@level=\count131
)
\dtlcolumnnum=\count132
\dtlrownum=\count133
\@dtl@before=\toks27
\@dtl@after=\toks28
\@dtl@colhead=\toks29
\dtlcurrentrow=\toks30
\dtlbeforerow=\toks31
\dtlafterrow=\toks32
\dtlforeachlevel=\count134
\c@DTLrowi=\count135
\c@DTLrowii=\count136
\c@DTLrowiii=\count137
\c@DTLrow=\count138
\dtl@rowi=\count139
\dtl@rowii=\count140
\dtl@rowiii=\count141
\@dtl@curi=\toks33
\@dtl@previ=\toks34
\@dtl@nexti=\toks35
\@dtl@curii=\toks36
\@dtl@previi=\toks37
\@dtl@nextii=\toks38
\@dtl@curiii=\toks39
\@dtl@previii=\toks40
\@dtl@nextiii=\toks41
\@dtl@elements=\count142
\@dtl@list=\toks42
\@dtl@rowa=\toks43
\@dtl@rowb=\toks44
\@dtl@toksA=\toks45
\@dtl@toksB=\toks46
\@dtl@write=\write3
\@dtl@read=\read1
\dtl@entrycr=\count143
\dtl@omitlines=\count144
)
(c:/texlive/2016/texmf-dist/tex/latex/tools/tabularx.sty
Package: tabularx 2016/02/03 v2.11 `tabularx' package (DPC)

(c:/texlive/2016/texmf-dist/tex/latex/tools/array.sty
Package: array 2014/10/28 v2.4c Tabular extension package (FMi)
\col@sep=\dimen119
\extrarowheight=\dimen120
\NC@list=\toks47
\extratabsurround=\skip50
\backup@length=\skip51
)
\TX@col@width=\dimen121
\TX@old@table=\dimen122
\TX@old@col=\dimen123
\TX@target=\dimen124
\TX@delta=\dimen125
\TX@cols=\count145
\TX@ftn=\toks48
)
(c:/texlive/2016/texmf-dist/tex/latex/xcolor/xcolor.sty
Package: xcolor 2016/05/11 v2.12 LaTeX color extensions (UK)

(c:/texlive/2016/texmf-dist/tex/latex/graphics-cfg/color.cfg
File: color.cfg 2016/01/02 v1.6 sample color configuration
)
Package xcolor Info: Driver file: pdftex.def on input line 225.

(c:/texlive/2016/texmf-dist/tex/latex/colortbl/colortbl.sty
Package: colortbl 2012/02/13 v1.0a Color table columns (DPC)
\everycr=\toks49
\minrowclearance=\skip52
)
\rownum=\count146
Package xcolor Info: Model `cmy' substituted by `cmy0' on input line 1348.
Package xcolor Info: Model `hsb' substituted by `rgb' on input line 1352.
Package xcolor Info: Model `RGB' extended on input line 1364.
Package xcolor Info: Model `HTML' substituted by `rgb' on input line 1366.
Package xcolor Info: Model `Hsb' substituted by `hsb' on input line 1367.
Package xcolor Info: Model `tHsb' substituted by `hsb' on input line 1368.
Package xcolor Info: Model `HSB' substituted by `hsb' on input line 1369.
Package xcolor Info: Model `Gray' substituted by `gray' on input line 1370.
Package xcolor Info: Model `wave' substituted by `hsb' on input line 1371.
)
(c:/texlive/2016/texmf-dist/tex/latex/multirow/multirow.sty
\bigstrutjot=\dimen126
)
(c:/texlive/2016/texmf-dist/tex/latex/tools/hhline.sty
Package: hhline 2014/10/28 v2.03 Table rule package (DPC)
) (./document.aux)
\openout1 = `document.aux'.

LaTeX Font Info:    Checking defaults for OML/cmm/m/it on input line 44.
LaTeX Font Info:    ... okay on input line 44.
LaTeX Font Info:    Checking defaults for T1/cmr/m/n on input line 44.
LaTeX Font Info:    ... okay on input line 44.
LaTeX Font Info:    Checking defaults for OT1/cmr/m/n on input line 44.
LaTeX Font Info:    ... okay on input line 44.
LaTeX Font Info:    Checking defaults for OMS/cmsy/m/n on input line 44.
LaTeX Font Info:    ... okay on input line 44.
LaTeX Font Info:    Checking defaults for OMX/cmex/m/n on input line 44.
LaTeX Font Info:    ... okay on input line 44.
LaTeX Font Info:    Checking defaults for U/cmr/m/n on input line 44.
LaTeX Font Info:    ... okay on input line 44.
LaTeX Font Info:    Checking defaults for PD1/pdf/m/n on input line 44.
LaTeX Font Info:    ... okay on input line 44.

(c:/texlive/2016/texmf-dist/tex/context/base/mkii/supp-pdf.mkii
[Loading MPS to PDF converter (version 2006.09.02).]
\scratchcounter=\count147
\scratchdimen=\dimen127
\scratchbox=\box29
\nofMPsegments=\count148
\nofMParguments=\count149
\everyMPshowfont=\toks50
\MPscratchCnt=\count150
\MPscratchDim=\dimen128
\MPnumerator=\count151
\makeMPintoPDFobject=\count152
\everyMPtoPDFconversion=\toks51
) (c:/texlive/2016/texmf-dist/tex/latex/oberdiek/epstopdf-base.sty
Package: epstopdf-base 2016/05/15 v2.6 Base part for package epstopdf

(c:/texlive/2016/texmf-dist/tex/latex/oberdiek/grfext.sty
Package: grfext 2016/05/16 v1.2 Manage graphics extensions (HO)
)
Package grfext Info: Graphics extension search list:
(grfext)             [.png,.pdf,.jpg,.mps,.jpeg,.jbig2,.jb2,.PNG,.PDF,.JPG,.JPE
G,.JBIG2,.JB2,.eps]
(grfext)             \AppendGraphicsExtensions on input line 456.

(c:/texlive/2016/texmf-dist/tex/latex/latexconfig/epstopdf-sys.cfg
File: epstopdf-sys.cfg 2010/07/13 v1.3 Configuration of (r)epstopdf for TeX Liv
e
))
\AtBeginShipoutBox=\box30
Package hyperref Info: Link coloring OFF on input line 44.

(c:/texlive/2016/texmf-dist/tex/latex/hyperref/nameref.sty
Package: nameref 2012/10/27 v2.43 Cross-referencing by name of section

(c:/texlive/2016/texmf-dist/tex/generic/oberdiek/gettitlestring.sty
Package: gettitlestring 2016/05/16 v1.5 Cleanup title references (HO)
)
\c@section@level=\count153
)
LaTeX Info: Redefining \ref on input line 44.
LaTeX Info: Redefining \pageref on input line 44.
LaTeX Info: Redefining \nameref on input line 44.

(./document.out) (./document.out)
\@outlinefile=\write4
\openout4 = `document.out'.

\dtldb@addresses=\toks52
\dtlkeys@addresses=\toks53
\dtlrows@addresses=\count154
\dtlcols@addresses=\count155

<images/uadec-original.png, id=4, 702.625pt x 838.13126pt>
File: images/uadec-original.png Graphic file (type png)

<use images/uadec-original.png>
Package pdftex.def Info: images/uadec-original.png used on input line 169.
(pdftex.def)             Requested size: 79.33728pt x 94.63739pt.
Package epstopdf Info: Source file: <images/Drawing1.eps>
(epstopdf)                    date: 2016-08-17 15:05:05
(epstopdf)                    size: 372299 bytes
(epstopdf)             Output file: <images/Drawing1-eps-converted-to.pdf>
(epstopdf)                    date: 2016-08-17 15:05:11
(epstopdf)                    size: 27326 bytes
(epstopdf)             Command: <epstopdf --outfile=images/Drawing1-eps-convert
ed-to.pdf images/Drawing1.eps>
(epstopdf)             \includegraphics on input line 169.
Package epstopdf Info: Output file is already uptodate.

<images/Drawing1-eps-converted-to.pdf, id=6, 364.36125pt x 167.62625pt>
File: images/Drawing1-eps-converted-to.pdf Graphic file (type pdf)

<use images/Drawing1-eps-converted-to.pdf>
Package pdftex.def Info: images/Drawing1-eps-converted-to.pdf used on input lin
e 169.
(pdftex.def)             Requested size: 211.57147pt x 97.33327pt.
 [1

{c:/texlive/2016/texmf-var/fonts/map/pdftex/updmap/pdftex.map} <./images/uadec-
original.png> <./images/Drawing1-eps-converted-to.pdf>]
File: images/uadec-original.png Graphic file (type png)
 <use images/uadec-original.png>
Package pdftex.def Info: images/uadec-original.png used on input line 169.
(pdftex.def)             Requested size: 79.33728pt x 94.63739pt.
Package epstopdf Info: Source file: <images/Drawing1.eps>
(epstopdf)                    date: 2016-08-17 15:05:05
(epstopdf)                    size: 372299 bytes
(epstopdf)             Output file: <images/Drawing1-eps-converted-to.pdf>
(epstopdf)                    date: 2016-08-17 15:05:11
(epstopdf)                    size: 27326 bytes
(epstopdf)             Command: <epstopdf --outfile=images/Drawing1-eps-convert
ed-to.pdf images/Drawing1.eps>
(epstopdf)             \includegraphics on input line 169.
Package epstopdf Info: Output file is already uptodate.
File: images/Drawing1-eps-converted-to.pdf Graphic file (type pdf)

<use images/Drawing1-eps-converted-to.pdf>
Package pdftex.def Info: images/Drawing1-eps-converted-to.pdf used on input lin
e 169.
(pdftex.def)             Requested size: 211.57147pt x 97.33327pt.
pdfTeX warning (ext4): destination with the same identifier (name{page.1}) has 
been already used, duplicate ignored
<to be read again> 
                   \relax 
l.169 	}
         [1

]
File: images/uadec-original.png Graphic file (type png)
 <use images/uadec-original.png>
Package pdftex.def Info: images/uadec-original.png used on input line 169.
(pdftex.def)             Requested size: 79.33728pt x 94.63739pt.
Package epstopdf Info: Source file: <images/Drawing1.eps>
(epstopdf)                    date: 2016-08-17 15:05:05
(epstopdf)                    size: 372299 bytes
(epstopdf)             Output file: <images/Drawing1-eps-converted-to.pdf>
(epstopdf)                    date: 2016-08-17 15:05:11
(epstopdf)                    size: 27326 bytes
(epstopdf)             Command: <epstopdf --outfile=images/Drawing1-eps-convert
ed-to.pdf images/Drawing1.eps>
(epstopdf)             \includegraphics on input line 169.
Package epstopdf Info: Output file is already uptodate.
File: images/Drawing1-eps-converted-to.pdf Graphic file (type pdf)

<use images/Drawing1-eps-converted-to.pdf>
Package pdftex.def Info: images/Drawing1-eps-converted-to.pdf used on input lin
e 169.
(pdftex.def)             Requested size: 211.57147pt x 97.33327pt.
pdfTeX warning (ext4): destination with the same identifier (name{page.1}) has 
been already used, duplicate ignored
<to be read again> 
                   \relax 
l.169 	}
         [1

]
File: images/uadec-original.png Graphic file (type png)
 <use images/uadec-original.png>
Package pdftex.def Info: images/uadec-original.png used on input line 169.
(pdftex.def)             Requested size: 79.33728pt x 94.63739pt.
Package epstopdf Info: Source file: <images/Drawing1.eps>
(epstopdf)                    date: 2016-08-17 15:05:05
(epstopdf)                    size: 372299 bytes
(epstopdf)             Output file: <images/Drawing1-eps-converted-to.pdf>
(epstopdf)                    date: 2016-08-17 15:05:11
(epstopdf)                    size: 27326 bytes
(epstopdf)             Command: <epstopdf --outfile=images/Drawing1-eps-convert
ed-to.pdf images/Drawing1.eps>
(epstopdf)             \includegraphics on input line 169.
Package epstopdf Info: Output file is already uptodate.
File: images/Drawing1-eps-converted-to.pdf Graphic file (type pdf)

<use images/Drawing1-eps-converted-to.pdf>
Package pdftex.def Info: images/Drawing1-eps-converted-to.pdf used on input lin
e 169.
(pdftex.def)             Requested size: 211.57147pt x 97.33327pt.
pdfTeX warning (ext4): destination with the same identifier (name{page.1}) has 
been already used, duplicate ignored
<to be read again> 
                   \relax 
l.169 	}
         [1

]
File: images/uadec-original.png Graphic file (type png)
 <use images/uadec-original.png>
Package pdftex.def Info: images/uadec-original.png used on input line 169.
(pdftex.def)             Requested size: 79.33728pt x 94.63739pt.
Package epstopdf Info: Source file: <images/Drawing1.eps>
(epstopdf)                    date: 2016-08-17 15:05:05
(epstopdf)                    size: 372299 bytes
(epstopdf)             Output file: <images/Drawing1-eps-converted-to.pdf>
(epstopdf)                    date: 2016-08-17 15:05:11
(epstopdf)                    size: 27326 bytes
(epstopdf)             Command: <epstopdf --outfile=images/Drawing1-eps-convert
ed-to.pdf images/Drawing1.eps>
(epstopdf)             \includegraphics on input line 169.
Package epstopdf Info: Output file is already uptodate.
File: images/Drawing1-eps-converted-to.pdf Graphic file (type pdf)

<use images/Drawing1-eps-converted-to.pdf>
Package pdftex.def Info: images/Drawing1-eps-converted-to.pdf used on input lin
e 169.
(pdftex.def)             Requested size: 211.57147pt x 97.33327pt.
pdfTeX warning (ext4): destination with the same identifier (name{page.1}) has 
been already used, duplicate ignored
<to be read again> 
                   \relax 
l.169 	}
         [1

]
File: images/uadec-original.png Graphic file (type png)
 <use images/uadec-original.png>
Package pdftex.def Info: images/uadec-original.png used on input line 169.
(pdftex.def)             Requested size: 79.33728pt x 94.63739pt.
Package epstopdf Info: Source file: <images/Drawing1.eps>
(epstopdf)                    date: 2016-08-17 15:05:05
(epstopdf)                    size: 372299 bytes
(epstopdf)             Output file: <images/Drawing1-eps-converted-to.pdf>
(epstopdf)                    date: 2016-08-17 15:05:11
(epstopdf)                    size: 27326 bytes
(epstopdf)             Command: <epstopdf --outfile=images/Drawing1-eps-convert
ed-to.pdf images/Drawing1.eps>
(epstopdf)             \includegraphics on input line 169.
Package epstopdf Info: Output file is already uptodate.
File: images/Drawing1-eps-converted-to.pdf Graphic file (type pdf)

<use images/Drawing1-eps-converted-to.pdf>
Package pdftex.def Info: images/Drawing1-eps-converted-to.pdf used on input lin
e 169.
(pdftex.def)             Requested size: 211.57147pt x 97.33327pt.
pdfTeX warning (ext4): destination with the same identifier (name{page.1}) has 
been already used, duplicate ignored
<to be read again> 
                   \relax 
l.169 	}
         [1

]
File: images/uadec-original.png Graphic file (type png)
 <use images/uadec-original.png>
Package pdftex.def Info: images/uadec-original.png used on input line 169.
(pdftex.def)             Requested size: 79.33728pt x 94.63739pt.
Package epstopdf Info: Source file: <images/Drawing1.eps>
(epstopdf)                    date: 2016-08-17 15:05:05
(epstopdf)                    size: 372299 bytes
(epstopdf)             Output file: <images/Drawing1-eps-converted-to.pdf>
(epstopdf)                    date: 2016-08-17 15:05:11
(epstopdf)                    size: 27326 bytes
(epstopdf)             Command: <epstopdf --outfile=images/Drawing1-eps-convert
ed-to.pdf images/Drawing1.eps>
(epstopdf)             \includegraphics on input line 169.
Package epstopdf Info: Output file is already uptodate.
File: images/Drawing1-eps-converted-to.pdf Graphic file (type pdf)

<use images/Drawing1-eps-converted-to.pdf>
Package pdftex.def Info: images/Drawing1-eps-converted-to.pdf used on input lin
e 169.
(pdftex.def)             Requested size: 211.57147pt x 97.33327pt.
pdfTeX warning (ext4): destination with the same identifier (name{page.1}) has 
been already used, duplicate ignored
<to be read again> 
                   \relax 
l.169 	}
         [1

]
File: images/uadec-original.png Graphic file (type png)
 <use images/uadec-original.png>
Package pdftex.def Info: images/uadec-original.png used on input line 169.
(pdftex.def)             Requested size: 79.33728pt x 94.63739pt.
Package epstopdf Info: Source file: <images/Drawing1.eps>
(epstopdf)                    date: 2016-08-17 15:05:05
(epstopdf)                    size: 372299 bytes
(epstopdf)             Output file: <images/Drawing1-eps-converted-to.pdf>
(epstopdf)                    date: 2016-08-17 15:05:11
(epstopdf)                    size: 27326 bytes
(epstopdf)             Command: <epstopdf --outfile=images/Drawing1-eps-convert
ed-to.pdf images/Drawing1.eps>
(epstopdf)             \includegraphics on input line 169.
Package epstopdf Info: Output file is already uptodate.
File: images/Drawing1-eps-converted-to.pdf Graphic file (type pdf)

<use images/Drawing1-eps-converted-to.pdf>
Package pdftex.def Info: images/Drawing1-eps-converted-to.pdf used on input lin
e 169.
(pdftex.def)             Requested size: 211.57147pt x 97.33327pt.
pdfTeX warning (ext4): destination with the same identifier (name{page.1}) has 
been already used, duplicate ignored
<to be read again> 
                   \relax 
l.169 	}
         [1

]
File: images/uadec-original.png Graphic file (type png)
 <use images/uadec-original.png>
Package pdftex.def Info: images/uadec-original.png used on input line 169.
(pdftex.def)             Requested size: 79.33728pt x 94.63739pt.
Package epstopdf Info: Source file: <images/Drawing1.eps>
(epstopdf)                    date: 2016-08-17 15:05:05
(epstopdf)                    size: 372299 bytes
(epstopdf)             Output file: <images/Drawing1-eps-converted-to.pdf>
(epstopdf)                    date: 2016-08-17 15:05:11
(epstopdf)                    size: 27326 bytes
(epstopdf)             Command: <epstopdf --outfile=images/Drawing1-eps-convert
ed-to.pdf images/Drawing1.eps>
(epstopdf)             \includegraphics on input line 169.
Package epstopdf Info: Output file is already uptodate.
File: images/Drawing1-eps-converted-to.pdf Graphic file (type pdf)

<use images/Drawing1-eps-converted-to.pdf>
Package pdftex.def Info: images/Drawing1-eps-converted-to.pdf used on input lin
e 169.
(pdftex.def)             Requested size: 211.57147pt x 97.33327pt.
pdfTeX warning (ext4): destination with the same identifier (name{page.1}) has 
been already used, duplicate ignored
<to be read again> 
                   \relax 
l.169 	}
         [1

]
File: images/uadec-original.png Graphic file (type png)
 <use images/uadec-original.png>
Package pdftex.def Info: images/uadec-original.png used on input line 169.
(pdftex.def)             Requested size: 79.33728pt x 94.63739pt.
Package epstopdf Info: Source file: <images/Drawing1.eps>
(epstopdf)                    date: 2016-08-17 15:05:05
(epstopdf)                    size: 372299 bytes
(epstopdf)             Output file: <images/Drawing1-eps-converted-to.pdf>
(epstopdf)                    date: 2016-08-17 15:05:11
(epstopdf)                    size: 27326 bytes
(epstopdf)             Command: <epstopdf --outfile=images/Drawing1-eps-convert
ed-to.pdf images/Drawing1.eps>
(epstopdf)             \includegraphics on input line 169.
Package epstopdf Info: Output file is already uptodate.
File: images/Drawing1-eps-converted-to.pdf Graphic file (type pdf)

<use images/Drawing1-eps-converted-to.pdf>
Package pdftex.def Info: images/Drawing1-eps-converted-to.pdf used on input lin
e 169.
(pdftex.def)             Requested size: 211.57147pt x 97.33327pt.
pdfTeX warning (ext4): destination with the same identifier (name{page.1}) has 
been already used, duplicate ignored
<to be read again> 
                   \relax 
l.169 	}
         [1

]
File: images/uadec-original.png Graphic file (type png)
 <use images/uadec-original.png>
Package pdftex.def Info: images/uadec-original.png used on input line 169.
(pdftex.def)             Requested size: 79.33728pt x 94.63739pt.
Package epstopdf Info: Source file: <images/Drawing1.eps>
(epstopdf)                    date: 2016-08-17 15:05:05
(epstopdf)                    size: 372299 bytes
(epstopdf)             Output file: <images/Drawing1-eps-converted-to.pdf>
(epstopdf)                    date: 2016-08-17 15:05:11
(epstopdf)                    size: 27326 bytes
(epstopdf)             Command: <epstopdf --outfile=images/Drawing1-eps-convert
ed-to.pdf images/Drawing1.eps>
(epstopdf)             \includegraphics on input line 169.
Package epstopdf Info: Output file is already uptodate.
File: images/Drawing1-eps-converted-to.pdf Graphic file (type pdf)

<use images/Drawing1-eps-converted-to.pdf>
Package pdftex.def Info: images/Drawing1-eps-converted-to.pdf used on input lin
e 169.
(pdftex.def)             Requested size: 211.57147pt x 97.33327pt.
pdfTeX warning (ext4): destination with the same identifier (name{page.1}) has 
been already used, duplicate ignored
<to be read again> 
                   \relax 
l.169 	}
         [1

]
File: images/uadec-original.png Graphic file (type png)
 <use images/uadec-original.png>
Package pdftex.def Info: images/uadec-original.png used on input line 169.
(pdftex.def)             Requested size: 79.33728pt x 94.63739pt.
Package epstopdf Info: Source file: <images/Drawing1.eps>
(epstopdf)                    date: 2016-08-17 15:05:05
(epstopdf)                    size: 372299 bytes
(epstopdf)             Output file: <images/Drawing1-eps-converted-to.pdf>
(epstopdf)                    date: 2016-08-17 15:05:11
(epstopdf)                    size: 27326 bytes
(epstopdf)             Command: <epstopdf --outfile=images/Drawing1-eps-convert
ed-to.pdf images/Drawing1.eps>
(epstopdf)             \includegraphics on input line 169.
Package epstopdf Info: Output file is already uptodate.
File: images/Drawing1-eps-converted-to.pdf Graphic file (type pdf)

<use images/Drawing1-eps-converted-to.pdf>
Package pdftex.def Info: images/Drawing1-eps-converted-to.pdf used on input lin
e 169.
(pdftex.def)             Requested size: 211.57147pt x 97.33327pt.
pdfTeX warning (ext4): destination with the same identifier (name{page.1}) has 
been already used, duplicate ignored
<to be read again> 
                   \relax 
l.169 	}
         [1

]
File: images/uadec-original.png Graphic file (type png)
 <use images/uadec-original.png>
Package pdftex.def Info: images/uadec-original.png used on input line 169.
(pdftex.def)             Requested size: 79.33728pt x 94.63739pt.
Package epstopdf Info: Source file: <images/Drawing1.eps>
(epstopdf)                    date: 2016-08-17 15:05:05
(epstopdf)                    size: 372299 bytes
(epstopdf)             Output file: <images/Drawing1-eps-converted-to.pdf>
(epstopdf)                    date: 2016-08-17 15:05:11
(epstopdf)                    size: 27326 bytes
(epstopdf)             Command: <epstopdf --outfile=images/Drawing1-eps-convert
ed-to.pdf images/Drawing1.eps>
(epstopdf)             \includegraphics on input line 169.
Package epstopdf Info: Output file is already uptodate.
File: images/Drawing1-eps-converted-to.pdf Graphic file (type pdf)

<use images/Drawing1-eps-converted-to.pdf>
Package pdftex.def Info: images/Drawing1-eps-converted-to.pdf used on input lin
e 169.
(pdftex.def)             Requested size: 211.57147pt x 97.33327pt.
pdfTeX warning (ext4): destination with the same identifier (name{page.1}) has 
been already used, duplicate ignored
<to be read again> 
                   \relax 
l.169 	}
         [1

]
File: images/uadec-original.png Graphic file (type png)
 <use images/uadec-original.png>
Package pdftex.def Info: images/uadec-original.png used on input line 169.
(pdftex.def)             Requested size: 79.33728pt x 94.63739pt.
Package epstopdf Info: Source file: <images/Drawing1.eps>
(epstopdf)                    date: 2016-08-17 15:05:05
(epstopdf)                    size: 372299 bytes
(epstopdf)             Output file: <images/Drawing1-eps-converted-to.pdf>
(epstopdf)                    date: 2016-08-17 15:05:11
(epstopdf)                    size: 27326 bytes
(epstopdf)             Command: <epstopdf --outfile=images/Drawing1-eps-convert
ed-to.pdf images/Drawing1.eps>
(epstopdf)             \includegraphics on input line 169.
Package epstopdf Info: Output file is already uptodate.
File: images/Drawing1-eps-converted-to.pdf Graphic file (type pdf)

<use images/Drawing1-eps-converted-to.pdf>
Package pdftex.def Info: images/Drawing1-eps-converted-to.pdf used on input lin
e 169.
(pdftex.def)             Requested size: 211.57147pt x 97.33327pt.
pdfTeX warning (ext4): destination with the same identifier (name{page.1}) has 
been already used, duplicate ignored
<to be read again> 
                   \relax 
l.169 	}
         [1

]
File: images/uadec-original.png Graphic file (type png)
 <use images/uadec-original.png>
Package pdftex.def Info: images/uadec-original.png used on input line 169.
(pdftex.def)             Requested size: 79.33728pt x 94.63739pt.
Package epstopdf Info: Source file: <images/Drawing1.eps>
(epstopdf)                    date: 2016-08-17 15:05:05
(epstopdf)                    size: 372299 bytes
(epstopdf)             Output file: <images/Drawing1-eps-converted-to.pdf>
(epstopdf)                    date: 2016-08-17 15:05:11
(epstopdf)                    size: 27326 bytes
(epstopdf)             Command: <epstopdf --outfile=images/Drawing1-eps-convert
ed-to.pdf images/Drawing1.eps>
(epstopdf)             \includegraphics on input line 169.
Package epstopdf Info: Output file is already uptodate.
File: images/Drawing1-eps-converted-to.pdf Graphic file (type pdf)

<use images/Drawing1-eps-converted-to.pdf>
Package pdftex.def Info: images/Drawing1-eps-converted-to.pdf used on input lin
e 169.
(pdftex.def)             Requested size: 211.57147pt x 97.33327pt.
pdfTeX warning (ext4): destination with the same identifier (name{page.1}) has 
been already used, duplicate ignored
<to be read again> 
                   \relax 
l.169 	}
         [1

]
File: images/uadec-original.png Graphic file (type png)
 <use images/uadec-original.png>
Package pdftex.def Info: images/uadec-original.png used on input line 169.
(pdftex.def)             Requested size: 79.33728pt x 94.63739pt.
Package epstopdf Info: Source file: <images/Drawing1.eps>
(epstopdf)                    date: 2016-08-17 15:05:05
(epstopdf)                    size: 372299 bytes
(epstopdf)             Output file: <images/Drawing1-eps-converted-to.pdf>
(epstopdf)                    date: 2016-08-17 15:05:11
(epstopdf)                    size: 27326 bytes
(epstopdf)             Command: <epstopdf --outfile=images/Drawing1-eps-convert
ed-to.pdf images/Drawing1.eps>
(epstopdf)             \includegraphics on input line 169.
Package epstopdf Info: Output file is already uptodate.
File: images/Drawing1-eps-converted-to.pdf Graphic file (type pdf)

<use images/Drawing1-eps-converted-to.pdf>
Package pdftex.def Info: images/Drawing1-eps-converted-to.pdf used on input lin
e 169.
(pdftex.def)             Requested size: 211.57147pt x 97.33327pt.
pdfTeX warning (ext4): destination with the same identifier (name{page.1}) has 
been already used, duplicate ignored
<to be read again> 
                   \relax 
l.169 	}
         [1

]
File: images/uadec-original.png Graphic file (type png)
 <use images/uadec-original.png>
Package pdftex.def Info: images/uadec-original.png used on input line 169.
(pdftex.def)             Requested size: 79.33728pt x 94.63739pt.
Package epstopdf Info: Source file: <images/Drawing1.eps>
(epstopdf)                    date: 2016-08-17 15:05:05
(epstopdf)                    size: 372299 bytes
(epstopdf)             Output file: <images/Drawing1-eps-converted-to.pdf>
(epstopdf)                    date: 2016-08-17 15:05:11
(epstopdf)                    size: 27326 bytes
(epstopdf)             Command: <epstopdf --outfile=images/Drawing1-eps-convert
ed-to.pdf images/Drawing1.eps>
(epstopdf)             \includegraphics on input line 169.
Package epstopdf Info: Output file is already uptodate.
File: images/Drawing1-eps-converted-to.pdf Graphic file (type pdf)

<use images/Drawing1-eps-converted-to.pdf>
Package pdftex.def Info: images/Drawing1-eps-converted-to.pdf used on input lin
e 169.
(pdftex.def)             Requested size: 211.57147pt x 97.33327pt.
pdfTeX warning (ext4): destination with the same identifier (name{page.1}) has 
been already used, duplicate ignored
<to be read again> 
                   \relax 
l.169 	}
         [1

]
File: images/uadec-original.png Graphic file (type png)
 <use images/uadec-original.png>
Package pdftex.def Info: images/uadec-original.png used on input line 169.
(pdftex.def)             Requested size: 79.33728pt x 94.63739pt.
Package epstopdf Info: Source file: <images/Drawing1.eps>
(epstopdf)                    date: 2016-08-17 15:05:05
(epstopdf)                    size: 372299 bytes
(epstopdf)             Output file: <images/Drawing1-eps-converted-to.pdf>
(epstopdf)                    date: 2016-08-17 15:05:11
(epstopdf)                    size: 27326 bytes
(epstopdf)             Command: <epstopdf --outfile=images/Drawing1-eps-convert
ed-to.pdf images/Drawing1.eps>
(epstopdf)             \includegraphics on input line 169.
Package epstopdf Info: Output file is already uptodate.
File: images/Drawing1-eps-converted-to.pdf Graphic file (type pdf)

<use images/Drawing1-eps-converted-to.pdf>
Package pdftex.def Info: images/Drawing1-eps-converted-to.pdf used on input lin
e 169.
(pdftex.def)             Requested size: 211.57147pt x 97.33327pt.
pdfTeX warning (ext4): destination with the same identifier (name{page.1}) has 
been already used, duplicate ignored
<to be read again> 
                   \relax 
l.169 	}
         [1

]
File: images/uadec-original.png Graphic file (type png)
 <use images/uadec-original.png>
Package pdftex.def Info: images/uadec-original.png used on input line 169.
(pdftex.def)             Requested size: 79.33728pt x 94.63739pt.
Package epstopdf Info: Source file: <images/Drawing1.eps>
(epstopdf)                    date: 2016-08-17 15:05:05
(epstopdf)                    size: 372299 bytes
(epstopdf)             Output file: <images/Drawing1-eps-converted-to.pdf>
(epstopdf)                    date: 2016-08-17 15:05:11
(epstopdf)                    size: 27326 bytes
(epstopdf)             Command: <epstopdf --outfile=images/Drawing1-eps-convert
ed-to.pdf images/Drawing1.eps>
(epstopdf)             \includegraphics on input line 169.
Package epstopdf Info: Output file is already uptodate.
File: images/Drawing1-eps-converted-to.pdf Graphic file (type pdf)

<use images/Drawing1-eps-converted-to.pdf>
Package pdftex.def Info: images/Drawing1-eps-converted-to.pdf used on input lin
e 169.
(pdftex.def)             Requested size: 211.57147pt x 97.33327pt.
pdfTeX warning (ext4): destination with the same identifier (name{page.1}) has 
been already used, duplicate ignored
<to be read again> 
                   \relax 
l.169 	}
         [1

]
File: images/uadec-original.png Graphic file (type png)
 <use images/uadec-original.png>
Package pdftex.def Info: images/uadec-original.png used on input line 169.
(pdftex.def)             Requested size: 79.33728pt x 94.63739pt.
Package epstopdf Info: Source file: <images/Drawing1.eps>
(epstopdf)                    date: 2016-08-17 15:05:05
(epstopdf)                    size: 372299 bytes
(epstopdf)             Output file: <images/Drawing1-eps-converted-to.pdf>
(epstopdf)                    date: 2016-08-17 15:05:11
(epstopdf)                    size: 27326 bytes
(epstopdf)             Command: <epstopdf --outfile=images/Drawing1-eps-convert
ed-to.pdf images/Drawing1.eps>
(epstopdf)             \includegraphics on input line 169.
Package epstopdf Info: Output file is already uptodate.
File: images/Drawing1-eps-converted-to.pdf Graphic file (type pdf)

<use images/Drawing1-eps-converted-to.pdf>
Package pdftex.def Info: images/Drawing1-eps-converted-to.pdf used on input lin
e 169.
(pdftex.def)             Requested size: 211.57147pt x 97.33327pt.
pdfTeX warning (ext4): destination with the same identifier (name{page.1}) has 
been already used, duplicate ignored
<to be read again> 
                   \relax 
l.169 	}
         [1

]
File: images/uadec-original.png Graphic file (type png)
 <use images/uadec-original.png>
Package pdftex.def Info: images/uadec-original.png used on input line 169.
(pdftex.def)             Requested size: 79.33728pt x 94.63739pt.
Package epstopdf Info: Source file: <images/Drawing1.eps>
(epstopdf)                    date: 2016-08-17 15:05:05
(epstopdf)                    size: 372299 bytes
(epstopdf)             Output file: <images/Drawing1-eps-converted-to.pdf>
(epstopdf)                    date: 2016-08-17 15:05:11
(epstopdf)                    size: 27326 bytes
(epstopdf)             Command: <epstopdf --outfile=images/Drawing1-eps-convert
ed-to.pdf images/Drawing1.eps>
(epstopdf)             \includegraphics on input line 169.
Package epstopdf Info: Output file is already uptodate.
File: images/Drawing1-eps-converted-to.pdf Graphic file (type pdf)

<use images/Drawing1-eps-converted-to.pdf>
Package pdftex.def Info: images/Drawing1-eps-converted-to.pdf used on input lin
e 169.
(pdftex.def)             Requested size: 211.57147pt x 97.33327pt.
pdfTeX warning (ext4): destination with the same identifier (name{page.1}) has 
been already used, duplicate ignored
<to be read again> 
                   \relax 
l.169 	}
         [1

]
File: images/uadec-original.png Graphic file (type png)
 <use images/uadec-original.png>
Package pdftex.def Info: images/uadec-original.png used on input line 169.
(pdftex.def)             Requested size: 79.33728pt x 94.63739pt.
Package epstopdf Info: Source file: <images/Drawing1.eps>
(epstopdf)                    date: 2016-08-17 15:05:05
(epstopdf)                    size: 372299 bytes
(epstopdf)             Output file: <images/Drawing1-eps-converted-to.pdf>
(epstopdf)                    date: 2016-08-17 15:05:11
(epstopdf)                    size: 27326 bytes
(epstopdf)             Command: <epstopdf --outfile=images/Drawing1-eps-convert
ed-to.pdf images/Drawing1.eps>
(epstopdf)             \includegraphics on input line 169.
Package epstopdf Info: Output file is already uptodate.
File: images/Drawing1-eps-converted-to.pdf Graphic file (type pdf)

<use images/Drawing1-eps-converted-to.pdf>
Package pdftex.def Info: images/Drawing1-eps-converted-to.pdf used on input lin
e 169.
(pdftex.def)             Requested size: 211.57147pt x 97.33327pt.
pdfTeX warning (ext4): destination with the same identifier (name{page.1}) has 
been already used, duplicate ignored
<to be read again> 
                   \relax 
l.169 	}
         [1

]
File: images/uadec-original.png Graphic file (type png)
 <use images/uadec-original.png>
Package pdftex.def Info: images/uadec-original.png used on input line 169.
(pdftex.def)             Requested size: 79.33728pt x 94.63739pt.
Package epstopdf Info: Source file: <images/Drawing1.eps>
(epstopdf)                    date: 2016-08-17 15:05:05
(epstopdf)                    size: 372299 bytes
(epstopdf)             Output file: <images/Drawing1-eps-converted-to.pdf>
(epstopdf)                    date: 2016-08-17 15:05:11
(epstopdf)                    size: 27326 bytes
(epstopdf)             Command: <epstopdf --outfile=images/Drawing1-eps-convert
ed-to.pdf images/Drawing1.eps>
(epstopdf)             \includegraphics on input line 169.
Package epstopdf Info: Output file is already uptodate.
File: images/Drawing1-eps-converted-to.pdf Graphic file (type pdf)

<use images/Drawing1-eps-converted-to.pdf>
Package pdftex.def Info: images/Drawing1-eps-converted-to.pdf used on input lin
e 169.
(pdftex.def)             Requested size: 211.57147pt x 97.33327pt.
pdfTeX warning (ext4): destination with the same identifier (name{page.1}) has 
been already used, duplicate ignored
<to be read again> 
                   \relax 
l.169 	}
         [1

]
Package atveryend Info: Empty hook `BeforeClearDocument' on input line 170.
Package atveryend Info: Empty hook `AfterLastShipout' on input line 170.
 (./document.aux)
Package atveryend Info: Executing hook `AtVeryEndDocument' on input line 170.
Package atveryend Info: Executing hook `AtEndAfterFileList' on input line 170.
Package rerunfilecheck Info: File `document.out' has not changed.
(rerunfilecheck)             Checksum: D41D8CD98F00B204E9800998ECF8427E;0.
Package atveryend Info: Empty hook `AtVeryVeryEnd' on input line 170.
 ) 
Here is how much of TeX's memory you used:
 9536 strings out of 493014
 130181 string characters out of 6137016
 334604 words of memory out of 5000000
 12651 multiletter control sequences out of 15000+600000
 6570 words of font info for 24 fonts, out of 8000000 for 9000
 1141 hyphenation exceptions out of 8191
 46i,13n,47p,924b,494s stack positions out of 5000i,500n,10000p,200000b,80000s
<c:/texlive/2016/texmf-dist/fonts/type1/public/amsfonts/cm/cmbx12.pfb><c:/tex
live/2016/texmf-dist/fonts/type1/public/amsfonts/cm/cmbxti10.pfb><c:/texlive/20
16/texmf-dist/fonts/type1/public/amsfonts/cm/cmex10.pfb><c:/texlive/2016/texmf-
dist/fonts/type1/public/amsfonts/cm/cmmi10.pfb><c:/texlive/2016/texmf-dist/font
s/type1/public/amsfonts/cm/cmmi7.pfb><c:/texlive/2016/texmf-dist/fonts/type1/pu
blic/amsfonts/cm/cmr10.pfb><c:/texlive/2016/texmf-dist/fonts/type1/public/amsfo
nts/cm/cmr17.pfb><c:/texlive/2016/texmf-dist/fonts/type1/public/amsfonts/cm/cmr
7.pfb><c:/texlive/2016/texmf-dist/fonts/type1/public/amsfonts/cm/cmsy10.pfb><c:
/texlive/2016/texmf-dist/fonts/type1/public/amsfonts/cm/cmsy7.pfb>
Output written on document.pdf (23 pages, 1564970 bytes).
PDF statistics:
 496 PDF objects out of 1000 (max. 8388607)
 442 compressed objects within 5 object streams
 279 named destinations out of 1000 (max. 500000)
 11 words of extra memory for PDF output out of 10000 (max. 10000000)

